<?xml version="1.0" encoding="UTF-8"?>
<!-- Generated by org.testng.reporters.JUnitReportReporter -->
<testsuite hostname="Paulson" failures="0" tests="5" name="testCases.TC_003_LoginDDT" time="43.530" errors="0" timestamp="2023-10-09T09:20:48 BST" skipped="0">
  <testcase classname="testCases.TC_003_LoginDDT" name="test_loginDDT" time="10.921"/>
  <system-out/>
  <testcase classname="testCases.TC_003_LoginDDT" name="test_loginDDT" time="10.613"/>
  <system-out/>
  <testcase classname="testCases.TC_003_LoginDDT" name="test_loginDDT" time="0.879"/>
  <system-out/>
  <testcase classname="testCases.TC_003_LoginDDT" name="test_loginDDT" time="10.523"/>
  <system-out/>
  <testcase classname="testCases.TC_003_LoginDDT" name="test_loginDDT" time="10.594"/>
  <system-out/>
</testsuite> <!-- testCases.TC_003_LoginDDT -->
