<?xml version="1.0" encoding="UTF-8"?>
<!-- Generated by org.testng.reporters.JUnitReportReporter -->
<testsuite hostname="Paulson" failures="0" tests="1" name="testCases.TC_002_Logintest" time="2.857" errors="0" timestamp="2023-10-09T18:39:34 BST" skipped="0">
  <testcase classname="testCases.TC_002_Logintest" name="test_login" time="2.857"/>
  <system-out/>
</testsuite> <!-- testCases.TC_002_Logintest -->
