<?xml version="1.0" encoding="UTF-8"?>
<!-- Generated by org.testng.reporters.JUnitReportReporter -->
<testsuite hostname="Paulson" failures="0" tests="1" name="testCases.TC_002_Logintest" time="1.855" errors="0" timestamp="2023-10-09T19:30:19 BST" skipped="0">
  <testcase classname="testCases.TC_002_Logintest" name="test_login" time="1.855"/>
</testsuite> <!-- testCases.TC_002_Logintest -->
