<?xml version="1.0" encoding="UTF-8"?>
<!-- Generated by org.testng.reporters.JUnitReportReporter -->
<testsuite hostname="Paulson" failures="0" tests="1" name="testCases.TC_001_AccountRegistrationTest" time="10.386" errors="0" timestamp="2023-10-09T19:30:19 BST" skipped="0">
  <testcase classname="testCases.TC_001_AccountRegistrationTest" name="test_account_Registration" time="10.386"/>
</testsuite> <!-- testCases.TC_001_AccountRegistrationTest -->
