<?xml version="1.0" encoding="UTF-8"?>
<!-- Generated by org.testng.reporters.JUnitReportReporter -->
<testsuite hostname="Paulson" failures="0" tests="5" name="testCases.TC_003_LoginDDT" time="49.640" errors="0" timestamp="2023-10-09T19:30:19 BST" skipped="0">
  <testcase classname="testCases.TC_003_LoginDDT" name="test_loginDDT" time="11.411"/>
  <testcase classname="testCases.TC_003_LoginDDT" name="test_loginDDT" time="11.642"/>
  <testcase classname="testCases.TC_003_LoginDDT" name="test_loginDDT" time="2.250"/>
  <testcase classname="testCases.TC_003_LoginDDT" name="test_loginDDT" time="12.680"/>
  <testcase classname="testCases.TC_003_LoginDDT" name="test_loginDDT" time="11.657"/>
</testsuite> <!-- testCases.TC_003_LoginDDT -->
